[2024-11-25 00:16:45,594][flwr][DEBUG] - Pre-registering run with id 744724971652877790
[2024-11-25 00:16:45,594][flwr][DEBUG] - Using InMemoryState
[2024-11-25 00:16:45,594][flwr][DEBUG] - Using InMemoryState
[2024-11-25 00:16:45,604][flwr][DEBUG] - Buffer time delay: 5s
[2024-11-25 00:16:45,739][flwr][WARNING] - 
Setting `min_available_clients` lower than `min_fit_clients` or
`min_evaluate_clients` can cause the server to fail when there are too few clients
connected to the server. `min_available_clients` must be set to a value larger
than or equal to the values of `min_fit_clients` and `min_evaluate_clients`.

[2024-11-25 00:16:45,739][flwr][INFO] - Starting Flower ServerApp, config: num_rounds=3, no round_timeout
[2024-11-25 00:16:45,740][flwr][INFO] - 
[2024-11-25 00:16:45,740][flwr][INFO] - [INIT]
[2024-11-25 00:16:45,740][flwr][INFO] - Using initial global parameters provided by strategy
[2024-11-25 00:16:45,740][flwr][INFO] - Starting evaluation of initial global parameters
[2024-11-25 00:16:45,740][flwr][INFO] - Evaluation returned no results (`None`)
[2024-11-25 00:16:45,740][flwr][INFO] - 
[2024-11-25 00:16:45,740][flwr][INFO] - [ROUND 1]
[2024-11-25 00:16:50,639][flwr][DEBUG] - Using InMemoryState
[2024-11-25 00:16:50,639][flwr][DEBUG] - Registered 10 nodes
[2024-11-25 00:16:50,640][flwr][DEBUG] - Supported backends: ['ray']
[2024-11-25 00:16:50,640][flwr][DEBUG] - Initialising: RayBackend
[2024-11-25 00:16:50,640][flwr][DEBUG] - Backend config: {'client_resources': {'num_cpus': 8}, 'init_args': {'logging_level': 30, 'log_to_driver': True}, 'actor': {'tensorflow': 0}}
[2024-11-25 00:16:51,746][flwr][INFO] - configure_fit: strategy sampled 10 clients (out of 10)
[2024-11-25 00:16:54,948][flwr][DEBUG] - Constructed ActorPool with: 1 actors
[2024-11-25 00:16:54,948][flwr][DEBUG] - Using InMemoryState
[2024-11-25 00:18:33,313][flwr][INFO] - aggregate_fit: received 10 results and 0 failures
[2024-11-25 00:18:33,406][flwr][WARNING] - No fit_metrics_aggregation_fn provided
[2024-11-25 00:18:33,423][flwr][INFO] - configure_evaluate: strategy sampled 5 clients (out of 10)
[2024-11-25 00:18:43,505][flwr][INFO] - aggregate_evaluate: received 5 results and 0 failures
[2024-11-25 00:18:43,507][flwr][WARNING] - No evaluate_metrics_aggregation_fn provided
[2024-11-25 00:18:43,507][flwr][INFO] - 
[2024-11-25 00:18:43,507][flwr][INFO] - [ROUND 2]
[2024-11-25 00:18:43,507][flwr][INFO] - configure_fit: strategy sampled 10 clients (out of 10)
[2024-11-25 00:19:52,946][flwr][INFO] - aggregate_fit: received 10 results and 0 failures
[2024-11-25 00:19:53,044][flwr][INFO] - configure_evaluate: strategy sampled 5 clients (out of 10)
[2024-11-25 00:20:02,137][flwr][INFO] - aggregate_evaluate: received 5 results and 0 failures
[2024-11-25 00:20:02,138][flwr][INFO] - 
[2024-11-25 00:20:02,138][flwr][INFO] - [ROUND 3]
[2024-11-25 00:20:02,138][flwr][INFO] - configure_fit: strategy sampled 10 clients (out of 10)
[2024-11-25 00:21:13,563][flwr][INFO] - aggregate_fit: received 10 results and 0 failures
[2024-11-25 00:21:13,662][flwr][INFO] - configure_evaluate: strategy sampled 5 clients (out of 10)
[2024-11-25 00:21:23,763][flwr][INFO] - aggregate_evaluate: received 5 results and 0 failures
[2024-11-25 00:21:23,774][flwr][INFO] - 
[2024-11-25 00:21:23,775][flwr][INFO] - [SUMMARY]
[2024-11-25 00:21:23,775][flwr][INFO] - Run finished 3 round(s) in 278.03s
[2024-11-25 00:21:23,775][flwr][INFO] - 	History (loss, distributed):
[2024-11-25 00:21:23,775][flwr][INFO] - 		round 1: 2.6795268058776855
[2024-11-25 00:21:23,775][flwr][INFO] - 		round 2: 3.479336977005005
[2024-11-25 00:21:23,775][flwr][INFO] - 		round 3: 4.6914286613464355
[2024-11-25 00:21:23,776][flwr][INFO] - 	History (metrics, distributed, fit):
[2024-11-25 00:21:23,776][flwr][INFO] - 	{'energy sum': [(1, 1710.8239500288),
[2024-11-25 00:21:23,776][flwr][INFO] - 	                (2, 2782.6186499072005),
[2024-11-25 00:21:23,776][flwr][INFO] - 	                (3, 3641.7383997440015)]}
[2024-11-25 00:21:23,776][flwr][INFO] - 	History (metrics, distributed, evaluate):
[2024-11-25 00:21:23,776][flwr][INFO] - 	{'energy sum': [(1, 1710.8239500288),
[2024-11-25 00:21:23,776][flwr][INFO] - 	                (2, 2782.6186499072005),
[2024-11-25 00:21:23,776][flwr][INFO] - 	                (3, 3641.7383997440015)]}
[2024-11-25 00:21:23,776][flwr][INFO] - 
[2024-11-25 00:21:23,778][flwr][DEBUG] - ServerApp finished running.
[2024-11-25 00:21:23,778][flwr][DEBUG] - ServerApp finished running.
[2024-11-25 00:21:23,778][flwr][DEBUG] - Triggered stop event for Simulation Engine.
[2024-11-25 00:21:24,022][flwr][DEBUG] - Terminated 1 actors
[2024-11-25 00:21:25,404][flwr][DEBUG] - Terminated RayBackend
[2024-11-25 00:21:25,405][flwr][DEBUG] - Stopping Simulation Engine now.
