[2024-11-25 00:26:56,599][flwr][DEBUG] - Pre-registering run with id 3815235914809777027
[2024-11-25 00:26:56,599][flwr][DEBUG] - Using InMemoryState
[2024-11-25 00:26:56,599][flwr][DEBUG] - Using InMemoryState
[2024-11-25 00:26:56,609][flwr][DEBUG] - Buffer time delay: 5s
[2024-11-25 00:26:56,703][flwr][WARNING] - 
Setting `min_available_clients` lower than `min_fit_clients` or
`min_evaluate_clients` can cause the server to fail when there are too few clients
connected to the server. `min_available_clients` must be set to a value larger
than or equal to the values of `min_fit_clients` and `min_evaluate_clients`.

[2024-11-25 00:26:56,704][flwr][INFO] - Starting Flower ServerApp, config: num_rounds=3, no round_timeout
[2024-11-25 00:26:56,704][flwr][INFO] - 
[2024-11-25 00:26:56,704][flwr][INFO] - [INIT]
[2024-11-25 00:26:56,704][flwr][INFO] - Using initial global parameters provided by strategy
[2024-11-25 00:26:56,704][flwr][INFO] - Starting evaluation of initial global parameters
[2024-11-25 00:26:56,704][flwr][INFO] - Evaluation returned no results (`None`)
[2024-11-25 00:26:56,704][flwr][INFO] - 
[2024-11-25 00:26:56,704][flwr][INFO] - [ROUND 1]
[2024-11-25 00:27:01,615][flwr][DEBUG] - Using InMemoryState
[2024-11-25 00:27:01,615][flwr][DEBUG] - Registered 10 nodes
[2024-11-25 00:27:01,615][flwr][DEBUG] - Supported backends: ['ray']
[2024-11-25 00:27:01,616][flwr][DEBUG] - Initialising: RayBackend
[2024-11-25 00:27:01,616][flwr][DEBUG] - Backend config: {'client_resources': {'num_cpus': 8}, 'init_args': {'logging_level': 30, 'log_to_driver': True}, 'actor': {'tensorflow': 0}}
[2024-11-25 00:27:02,717][flwr][INFO] - configure_fit: strategy sampled 10 clients (out of 10)
[2024-11-25 00:27:04,166][flwr][DEBUG] - Constructed ActorPool with: 1 actors
[2024-11-25 00:27:04,166][flwr][DEBUG] - Using InMemoryState
[2024-11-25 00:28:15,444][flwr][INFO] - aggregate_fit: received 10 results and 0 failures
[2024-11-25 00:28:15,540][flwr][WARNING] - No fit_metrics_aggregation_fn provided
[2024-11-25 00:28:15,582][flwr][INFO] - configure_evaluate: strategy sampled 5 clients (out of 10)
[2024-11-25 00:28:25,690][flwr][INFO] - aggregate_evaluate: received 5 results and 0 failures
[2024-11-25 00:28:25,691][flwr][WARNING] - No evaluate_metrics_aggregation_fn provided
[2024-11-25 00:28:25,691][flwr][INFO] - 
[2024-11-25 00:28:25,691][flwr][INFO] - [ROUND 2]
[2024-11-25 00:28:25,691][flwr][INFO] - configure_fit: strategy sampled 10 clients (out of 10)
[2024-11-25 00:29:37,089][flwr][INFO] - aggregate_fit: received 10 results and 0 failures
[2024-11-25 00:29:37,240][flwr][INFO] - configure_evaluate: strategy sampled 5 clients (out of 10)
[2024-11-25 00:29:47,326][flwr][INFO] - aggregate_evaluate: received 5 results and 0 failures
[2024-11-25 00:29:47,328][flwr][INFO] - 
[2024-11-25 00:29:47,329][flwr][INFO] - [ROUND 3]
[2024-11-25 00:29:47,329][flwr][INFO] - configure_fit: strategy sampled 10 clients (out of 10)
[2024-11-25 00:30:58,777][flwr][INFO] - aggregate_fit: received 10 results and 0 failures
[2024-11-25 00:30:58,914][flwr][INFO] - configure_evaluate: strategy sampled 5 clients (out of 10)
[2024-11-25 00:31:09,004][flwr][INFO] - aggregate_evaluate: received 5 results and 0 failures
[2024-11-25 00:31:09,025][flwr][INFO] - 
[2024-11-25 00:31:09,026][flwr][INFO] - [SUMMARY]
[2024-11-25 00:31:09,026][flwr][INFO] - Run finished 3 round(s) in 252.31s
[2024-11-25 00:31:09,026][flwr][INFO] - 	History (loss, distributed):
[2024-11-25 00:31:09,027][flwr][INFO] - 		round 1: 2.844709634780884
[2024-11-25 00:31:09,027][flwr][INFO] - 		round 2: 3.948951482772827
[2024-11-25 00:31:09,027][flwr][INFO] - 		round 3: 5.92723274230957
[2024-11-25 00:31:09,027][flwr][INFO] - 	History (metrics, distributed, fit):
[2024-11-25 00:31:09,027][flwr][INFO] - 	{'energy sum': [(1, 858.1153498111998),
[2024-11-25 00:31:09,027][flwr][INFO] - 	                (2, 1928.9056496639996),
[2024-11-25 00:31:09,027][flwr][INFO] - 	                (3, 2790.034199552001)]}
[2024-11-25 00:31:09,027][flwr][INFO] - 	History (metrics, distributed, evaluate):
[2024-11-25 00:31:09,027][flwr][INFO] - 	{'energy sum': [(1, 858.1153498111998),
[2024-11-25 00:31:09,027][flwr][INFO] - 	                (2, 1928.9056496639996),
[2024-11-25 00:31:09,027][flwr][INFO] - 	                (3, 2790.034199552001)]}
[2024-11-25 00:31:09,027][flwr][INFO] - 
[2024-11-25 00:31:09,029][flwr][DEBUG] - ServerApp finished running.
[2024-11-25 00:31:09,029][flwr][DEBUG] - ServerApp finished running.
[2024-11-25 00:31:09,029][flwr][DEBUG] - Triggered stop event for Simulation Engine.
[2024-11-25 00:31:09,132][flwr][DEBUG] - Terminated 1 actors
[2024-11-25 00:31:10,596][flwr][DEBUG] - Terminated RayBackend
[2024-11-25 00:31:10,596][flwr][DEBUG] - Stopping Simulation Engine now.
